# JRE version: Java(TM) SE Runtime Environment (8.0_251-b08) (build 1.8.0_251-b08)
# Java VM: Java HotSpot(TM) 64-Bit Server VM (25.251-b08 mixed mode bsd-amd64 compressed oops)
Heap:
 PSYoungGen      total 33280K, used 17094K [0x0000000795580000, 0x0000000797a00000, 0x00000007c0000000)
  eden space 30208K, 56% used [0x0000000795580000,0x0000000796629bc0,0x0000000797300000)
  from space 3072K, 1% used [0x0000000797700000,0x0000000797708000,0x0000000797a00000)
  to   space 3584K, 0% used [0x0000000797300000,0x0000000797300000,0x0000000797680000)
 ParOldGen       total 87552K, used 24143K [0x0000000740000000, 0x0000000745580000, 0x0000000795580000)
  object space 87552K, 27% used [0x0000000740000000,0x0000000741793f68,0x0000000745580000)
 Metaspace       used 2713K, capacity 4498K, committed 4864K, reserved 1056768K
  class space    used 290K, capacity 386K, committed 512K, reserved 1048576K
GC Heap History (10 events):
Event: 645.482 GC heap before
{Heap before GC invocations=6 (full 0):
 PSYoungGen      total 33280K, used 33104K [0x0000000795580000, 0x0000000797d80000, 0x00000007c0000000)
  eden space 32768K, 100% used [0x0000000795580000,0x0000000797580000,0x0000000797580000)
  from space 512K, 65% used [0x0000000797600000,0x0000000797654010,0x0000000797680000)
  to   space 4096K, 0% used [0x0000000797980000,0x0000000797980000,0x0000000797d80000)
 ParOldGen       total 87552K, used 8568K [0x0000000740000000, 0x0000000745580000, 0x0000000795580000)
  object space 87552K, 9% used [0x0000000740000000,0x000000074085e3d0,0x0000000745580000)
 Metaspace       used 2705K, capacity 4498K, committed 4864K, reserved 1056768K
  class space    used 288K, capacity 386K, committed 512K, reserved 1048576K
Event: 645.484 GC heap after
Heap after GC invocations=6 (full 0):
 PSYoungGen      total 35840K, used 399K [0x0000000795580000, 0x0000000797d00000, 0x00000007c0000000)
  eden space 32256K, 0% used [0x0000000795580000,0x0000000795580000,0x0000000797500000)
  from space 3584K, 11% used [0x0000000797980000,0x00000007979e3ed0,0x0000000797d00000)
  to   space 4096K, 0% used [0x0000000797500000,0x0000000797500000,0x0000000797900000)
 ParOldGen       total 87552K, used 8568K [0x0000000740000000, 0x0000000745580000, 0x0000000795580000)
  object space 87552K, 9% used [0x0000000740000000,0x000000074085e3d0,0x0000000745580000)
 Metaspace       used 2705K, capacity 4498K, committed 4864K, reserved 1056768K
  class space    used 288K, capacity 386K, committed 512K, reserved 1048576K
}
Event: 645.576 GC heap before
{Heap before GC invocations=7 (full 0):
 PSYoungGen      total 35840K, used 32655K [0x0000000795580000, 0x0000000797d00000, 0x00000007c0000000)
  eden space 32256K, 100% used [0x0000000795580000,0x0000000797500000,0x0000000797500000)
  from space 3584K, 11% used [0x0000000797980000,0x00000007979e3ed0,0x0000000797d00000)
  to   space 4096K, 0% used [0x0000000797500000,0x0000000797500000,0x0000000797900000)
 ParOldGen       total 87552K, used 8568K [0x0000000740000000, 0x0000000745580000, 0x0000000795580000)
  object space 87552K, 9% used [0x0000000740000000,0x000000074085e3d0,0x0000000745580000)
 Metaspace       used 2705K, capacity 4498K, committed 4864K, reserved 1056768K
  class space    used 288K, capacity 386K, committed 512K, reserved 1048576K
Event: 645.577 GC heap after
Heap after GC invocations=7 (full 0):
 PSYoungGen      total 32256K, used 32K [0x0000000795580000, 0x0000000797c80000, 0x00000007c0000000)
  eden space 31744K, 0% used [0x0000000795580000,0x0000000795580000,0x0000000797480000)
  from space 512K, 6% used [0x0000000797500000,0x0000000797508000,0x0000000797580000)
  to   space 4096K, 0% used [0x0000000797880000,0x0000000797880000,0x0000000797c80000)
 ParOldGen       total 87552K, used 8869K [0x0000000740000000, 0x0000000745580000, 0x0000000795580000)
  object space 87552K, 10% used [0x0000000740000000,0x00000007408a9430,0x0000000745580000)
 Metaspace       used 2705K, capacity 4498K, committed 4864K, reserved 1056768K
  class space    used 288K, capacity 386K, committed 512K, reserved 1048576K
}
Event: 645.665 GC heap before
{Heap before GC invocations=8 (full 0):
 PSYoungGen      total 32256K, used 31776K [0x0000000795580000, 0x0000000797c80000, 0x00000007c0000000)
  eden space 31744K, 100% used [0x0000000795580000,0x0000000797480000,0x0000000797480000)
  from space 512K, 6% used [0x0000000797500000,0x0000000797508000,0x0000000797580000)
  to   space 4096K, 0% used [0x0000000797880000,0x0000000797880000,0x0000000797c80000)
 ParOldGen       total 87552K, used 8869K [0x0000000740000000, 0x0000000745580000, 0x0000000795580000)
  object space 87552K, 10% used [0x0000000740000000,0x00000007408a9430,0x0000000745580000)
 Metaspace       used 2705K, capacity 4498K, committed 4864K, reserved 1056768K
  class space    used 288K, capacity 386K, committed 512K, reserved 1048576K
Event: 645.665 GC heap after
Heap after GC invocations=8 (full 0):
 PSYoungGen      total 34816K, used 32K [0x0000000795580000, 0x0000000797c00000, 0x00000007c0000000)
  eden space 31232K, 0% used [0x0000000795580000,0x0000000795580000,0x0000000797400000)
  from space 3584K, 0% used [0x0000000797880000,0x0000000797888000,0x0000000797c00000)
  to   space 4096K, 0% used [0x0000000797400000,0x0000000797400000,0x0000000797800000)
 ParOldGen       total 87552K, used 8885K [0x0000000740000000, 0x0000000745580000, 0x0000000795580000)
  object space 87552K, 10% used [0x0000000740000000,0x00000007408ad430,0x0000000745580000)
 Metaspace       used 2705K, capacity 4498K, committed 4864K, reserved 1056768K
  class space    used 288K, capacity 386K, committed 512K, reserved 1048576K
}
Event: 645.766 GC heap before
{Heap before GC invocations=9 (full 0):
 PSYoungGen      total 34816K, used 31264K [0x0000000795580000, 0x0000000797c00000, 0x00000007c0000000)
  eden space 31232K, 100% used [0x0000000795580000,0x0000000797400000,0x0000000797400000)
  from space 3584K, 0% used [0x0000000797880000,0x0000000797888000,0x0000000797c00000)
  to   space 4096K, 0% used [0x0000000797400000,0x0000000797400000,0x0000000797800000)
 ParOldGen       total 87552K, used 8885K [0x0000000740000000, 0x0000000745580000, 0x0000000795580000)
  object space 87552K, 10% used [0x0000000740000000,0x00000007408ad430,0x0000000745580000)
 Metaspace       used 2705K, capacity 4498K, committed 4864K, reserved 1056768K
  class space    used 288K, capacity 386K, committed 512K, reserved 1048576K
Event: 645.767 GC heap after
Heap after GC invocations=9 (full 0):
 PSYoungGen      total 31232K, used 32K [0x0000000795580000, 0x0000000797a80000, 0x00000007c0000000)
  eden space 30720K, 0% used [0x0000000795580000,0x0000000795580000,0x0000000797380000)
  from space 512K, 6% used [0x0000000797400000,0x0000000797408000,0x0000000797480000)
  to   space 3584K, 0% used [0x0000000797700000,0x0000000797700000,0x0000000797a80000)
 ParOldGen       total 87552K, used 8885K [0x0000000740000000, 0x0000000745580000, 0x0000000795580000)
  object space 87552K, 10% used [0x0000000740000000,0x00000007408ad430,0x0000000745580000)
 Metaspace       used 2705K, capacity 4498K, committed 4864K, reserved 1056768K
  class space    used 288K, capacity 386K, committed 512K, reserved 1048576K
}
Event: 645.816 GC heap before
{Heap before GC invocations=10 (full 0):
 PSYoungGen      total 31232K, used 17805K [0x0000000795580000, 0x0000000797a80000, 0x00000007c0000000)
  eden space 30720K, 57% used [0x0000000795580000,0x00000007966db7c8,0x0000000797380000)
  from space 512K, 6% used [0x0000000797400000,0x0000000797408000,0x0000000797480000)
  to   space 3584K, 0% used [0x0000000797700000,0x0000000797700000,0x0000000797a80000)
 ParOldGen       total 87552K, used 8885K [0x0000000740000000, 0x0000000745580000, 0x0000000795580000)
  object space 87552K, 10% used [0x0000000740000000,0x00000007408ad430,0x0000000745580000)
 Metaspace       used 2705K, capacity 4498K, committed 4864K, reserved 1056768K
  class space    used 288K, capacity 386K, committed 512K, reserved 1048576K
Event: 645.817 GC heap after
Heap after GC invocations=10 (full 0):
 PSYoungGen      total 33280K, used 32K [0x0000000795580000, 0x0000000797a00000, 0x00000007c0000000)
  eden space 30208K, 0% used [0x0000000795580000,0x0000000795580000,0x0000000797300000)
  from space 3072K, 1% used [0x0000000797700000,0x0000000797708000,0x0000000797a00000)
  to   space 3584K, 0% used [0x0000000797300000,0x0000000797300000,0x0000000797680000)
 ParOldGen       total 87552K, used 8885K [0x0000000740000000, 0x0000000745580000, 0x0000000795580000)
  object space 87552K, 10% used [0x0000000740000000,0x00000007408ad430,0x0000000745580000)
 Metaspace       used 2705K, capacity 4498K, committed 4864K, reserved 1056768K
  class space    used 288K, capacity 386K, committed 512K, reserved 1048576K
}

